<?xml version="1.0" encoding="UTF-8"?>
<!-- Generated by org.testng.reporters.JUnitReportReporter -->
<testsuite name="com.crm.qa.testcases.LoginPageTest" tests="3" time="15.407" ignored="0" failures="0" timestamp="08 Feb 2018 20:06:54 GMT" skipped="0" hostname="YULN00624273A" errors="0">
  <testcase name="loginPageTitleTest" time="4.171" classname="com.crm.qa.testcases.LoginPageTest"/>
  <testcase name="loginTest" time="5.691" classname="com.crm.qa.testcases.LoginPageTest"/>
  <testcase name="crmLogoTest" time="5.545" classname="com.crm.qa.testcases.LoginPageTest"/>
</testsuite> <!-- com.crm.qa.testcases.LoginPageTest -->
