<?xml version="1.0" encoding="UTF-8"?>
<!-- Generated by org.testng.reporters.JUnitReportReporter -->
<testsuite name="com.crm.qa.testcases.HomePageTest" tests="3" time="23.570" ignored="0" failures="0" timestamp="08 Feb 2018 20:06:54 GMT" skipped="0" hostname="YULN00624273A" errors="0">
  <testcase name="verifyHomePageTitle" time="7.988" classname="com.crm.qa.testcases.HomePageTest"/>
  <testcase name="verifyContactsLink" time="6.289" classname="com.crm.qa.testcases.HomePageTest"/>
  <testcase name="verifyUserNameTest" time="9.293" classname="com.crm.qa.testcases.HomePageTest"/>
</testsuite> <!-- com.crm.qa.testcases.HomePageTest -->
