<?xml version="1.0" encoding="UTF-8"?>
<!-- Generated by org.testng.reporters.JUnitReportReporter -->
<testsuite name="com.crm.qa.testcases.LoginPageTest" tests="3" time="16.451" ignored="0" failures="0" timestamp="09 Feb 2018 20:14:32 GMT" skipped="0" hostname="YULN00624273A" errors="0">
  <testcase name="loginTest" time="8.404" classname="com.crm.qa.testcases.LoginPageTest"/>
  <testcase name="loginPageTitleTest" time="4.005" classname="com.crm.qa.testcases.LoginPageTest"/>
  <testcase name="crmLogoTest" time="4.042" classname="com.crm.qa.testcases.LoginPageTest"/>
</testsuite> <!-- com.crm.qa.testcases.LoginPageTest -->
